{"/Users/ridhalfajri/Tutorial/node-js-api/src/application/database.js": {"path":"/Users/ridhalfajri/Tutorial/node-js-api/src/application/database.js","statementMap":{"0":{"start":{"line":4,"column":28},"end":{"line":23,"column":2}},"1":{"start":{"line":24,"column":0},"end":{"line":26,"column":2}},"2":{"start":{"line":25,"column":4},"end":{"line":25,"column":20}},"3":{"start":{"line":27,"column":0},"end":{"line":29,"column":2}},"4":{"start":{"line":28,"column":4},"end":{"line":28,"column":19}},"5":{"start":{"line":30,"column":0},"end":{"line":32,"column":2}},"6":{"start":{"line":31,"column":4},"end":{"line":31,"column":19}},"7":{"start":{"line":33,"column":0},"end":{"line":35,"column":2}},"8":{"start":{"line":34,"column":4},"end":{"line":34,"column":20}}},"fnMap":{"0":{"name":"(anonymous_0)","decl":{"start":{"line":24,"column":25},"end":{"line":24,"column":26}},"loc":{"start":{"line":24,"column":30},"end":{"line":26,"column":1}},"line":24},"1":{"name":"(anonymous_1)","decl":{"start":{"line":27,"column":24},"end":{"line":27,"column":25}},"loc":{"start":{"line":27,"column":29},"end":{"line":29,"column":1}},"line":27},"2":{"name":"(anonymous_2)","decl":{"start":{"line":30,"column":24},"end":{"line":30,"column":25}},"loc":{"start":{"line":30,"column":29},"end":{"line":32,"column":1}},"line":30},"3":{"name":"(anonymous_3)","decl":{"start":{"line":33,"column":25},"end":{"line":33,"column":26}},"loc":{"start":{"line":33,"column":30},"end":{"line":35,"column":1}},"line":33}},"branchMap":{},"s":{"0":2,"1":2,"2":0,"3":2,"4":0,"5":2,"6":2,"7":2,"8":215},"f":{"0":0,"1":0,"2":2,"3":215},"b":{},"_coverageSchema":"1a1c01bbd47fc00a2c39e90264f33305004495a9","hash":"7abe92e5478cefdb58dfa7c11e3dcfc6c2a67bcb"}
,"/Users/ridhalfajri/Tutorial/node-js-api/src/application/logging.js": {"path":"/Users/ridhalfajri/Tutorial/node-js-api/src/application/logging.js","statementMap":{"0":{"start":{"line":3,"column":22},"end":{"line":9,"column":2}}},"fnMap":{},"branchMap":{},"s":{"0":2},"f":{},"b":{},"_coverageSchema":"1a1c01bbd47fc00a2c39e90264f33305004495a9","hash":"60c135aeea3e698f722f85fabdecd7fc23c5fa50"}
,"/Users/ridhalfajri/Tutorial/node-js-api/src/application/web.js": {"path":"/Users/ridhalfajri/Tutorial/node-js-api/src/application/web.js","statementMap":{"0":{"start":{"line":6,"column":19},"end":{"line":6,"column":28}},"1":{"start":{"line":7,"column":0},"end":{"line":7,"column":24}},"2":{"start":{"line":8,"column":0},"end":{"line":8,"column":22}},"3":{"start":{"line":9,"column":0},"end":{"line":9,"column":20}},"4":{"start":{"line":10,"column":0},"end":{"line":10,"column":24}}},"fnMap":{},"branchMap":{},"s":{"0":2,"1":2,"2":2,"3":2,"4":2},"f":{},"b":{},"_coverageSchema":"1a1c01bbd47fc00a2c39e90264f33305004495a9","hash":"486dc34533e1253e7980c5b323d5e724d50ce55f"}
,"/Users/ridhalfajri/Tutorial/node-js-api/src/controller/contact-controller.js": {"path":"/Users/ridhalfajri/Tutorial/node-js-api/src/controller/contact-controller.js","statementMap":{"0":{"start":{"line":2,"column":15},"end":{"line":14,"column":1}},"1":{"start":{"line":3,"column":4},"end":{"line":13,"column":5}},"2":{"start":{"line":4,"column":21},"end":{"line":4,"column":29}},"3":{"start":{"line":5,"column":24},"end":{"line":5,"column":32}},"4":{"start":{"line":6,"column":23},"end":{"line":6,"column":65}},"5":{"start":{"line":8,"column":8},"end":{"line":10,"column":10}},"6":{"start":{"line":12,"column":8},"end":{"line":12,"column":15}}},"fnMap":{"0":{"name":"(anonymous_0)","decl":{"start":{"line":2,"column":15},"end":{"line":2,"column":16}},"loc":{"start":{"line":2,"column":37},"end":{"line":14,"column":1}},"line":2}},"branchMap":{},"s":{"0":2,"1":2,"2":2,"3":2,"4":2,"5":1,"6":1},"f":{"0":2},"b":{},"_coverageSchema":"1a1c01bbd47fc00a2c39e90264f33305004495a9","hash":"ef533407f5f99ce6b1468412e479336fe8259642"}
,"/Users/ridhalfajri/Tutorial/node-js-api/src/controller/user-controller.js": {"path":"/Users/ridhalfajri/Tutorial/node-js-api/src/controller/user-controller.js","statementMap":{"0":{"start":{"line":3,"column":17},"end":{"line":12,"column":1}},"1":{"start":{"line":4,"column":4},"end":{"line":11,"column":5}},"2":{"start":{"line":5,"column":23},"end":{"line":5,"column":59}},"3":{"start":{"line":6,"column":8},"end":{"line":8,"column":10}},"4":{"start":{"line":10,"column":8},"end":{"line":10,"column":15}},"5":{"start":{"line":14,"column":14},"end":{"line":23,"column":1}},"6":{"start":{"line":15,"column":4},"end":{"line":22,"column":5}},"7":{"start":{"line":16,"column":23},"end":{"line":16,"column":56}},"8":{"start":{"line":17,"column":8},"end":{"line":19,"column":10}},"9":{"start":{"line":21,"column":8},"end":{"line":21,"column":15}},"10":{"start":{"line":25,"column":12},"end":{"line":35,"column":1}},"11":{"start":{"line":26,"column":4},"end":{"line":34,"column":5}},"12":{"start":{"line":27,"column":25},"end":{"line":27,"column":42}},"13":{"start":{"line":28,"column":23},"end":{"line":28,"column":54}},"14":{"start":{"line":29,"column":8},"end":{"line":31,"column":10}},"15":{"start":{"line":33,"column":8},"end":{"line":33,"column":16}},"16":{"start":{"line":37,"column":15},"end":{"line":49,"column":1}},"17":{"start":{"line":38,"column":4},"end":{"line":48,"column":5}},"18":{"start":{"line":39,"column":25},"end":{"line":39,"column":42}},"19":{"start":{"line":40,"column":24},"end":{"line":40,"column":32}},"20":{"start":{"line":41,"column":8},"end":{"line":41,"column":36}},"21":{"start":{"line":42,"column":23},"end":{"line":42,"column":56}},"22":{"start":{"line":43,"column":8},"end":{"line":45,"column":10}},"23":{"start":{"line":47,"column":8},"end":{"line":47,"column":16}},"24":{"start":{"line":50,"column":15},"end":{"line":59,"column":1}},"25":{"start":{"line":51,"column":4},"end":{"line":58,"column":5}},"26":{"start":{"line":52,"column":8},"end":{"line":52,"column":51}},"27":{"start":{"line":53,"column":8},"end":{"line":55,"column":10}},"28":{"start":{"line":57,"column":8},"end":{"line":57,"column":15}}},"fnMap":{"0":{"name":"(anonymous_0)","decl":{"start":{"line":3,"column":17},"end":{"line":3,"column":18}},"loc":{"start":{"line":3,"column":39},"end":{"line":12,"column":1}},"line":3},"1":{"name":"(anonymous_1)","decl":{"start":{"line":14,"column":14},"end":{"line":14,"column":15}},"loc":{"start":{"line":14,"column":36},"end":{"line":23,"column":1}},"line":14},"2":{"name":"(anonymous_2)","decl":{"start":{"line":25,"column":12},"end":{"line":25,"column":13}},"loc":{"start":{"line":25,"column":34},"end":{"line":35,"column":1}},"line":25},"3":{"name":"(anonymous_3)","decl":{"start":{"line":37,"column":15},"end":{"line":37,"column":16}},"loc":{"start":{"line":37,"column":37},"end":{"line":49,"column":1}},"line":37},"4":{"name":"(anonymous_4)","decl":{"start":{"line":50,"column":15},"end":{"line":50,"column":16}},"loc":{"start":{"line":50,"column":37},"end":{"line":59,"column":1}},"line":50}},"branchMap":{},"s":{"0":2,"1":4,"2":4,"3":2,"4":2,"5":2,"6":4,"7":4,"8":1,"9":3,"10":2,"11":1,"12":1,"13":1,"14":1,"15":0,"16":2,"17":3,"18":3,"19":3,"20":3,"21":3,"22":3,"23":0,"24":2,"25":1,"26":1,"27":1,"28":0},"f":{"0":4,"1":4,"2":1,"3":3,"4":1},"b":{},"_coverageSchema":"1a1c01bbd47fc00a2c39e90264f33305004495a9","hash":"0479fd394bef6733b5c67d6946b930612a2cf0d0"}
,"/Users/ridhalfajri/Tutorial/node-js-api/src/error/response-error.js": {"path":"/Users/ridhalfajri/Tutorial/node-js-api/src/error/response-error.js","statementMap":{"0":{"start":{"line":3,"column":8},"end":{"line":3,"column":23}},"1":{"start":{"line":4,"column":8},"end":{"line":4,"column":29}}},"fnMap":{"0":{"name":"(anonymous_0)","decl":{"start":{"line":2,"column":4},"end":{"line":2,"column":5}},"loc":{"start":{"line":2,"column":32},"end":{"line":5,"column":5}},"line":2}},"branchMap":{},"s":{"0":6,"1":6},"f":{"0":6},"b":{},"_coverageSchema":"1a1c01bbd47fc00a2c39e90264f33305004495a9","hash":"7b7fdf6b2fba992a2dfa70fda8d2056b128a7667"}
,"/Users/ridhalfajri/Tutorial/node-js-api/src/middleware/auth-middleware.js": {"path":"/Users/ridhalfajri/Tutorial/node-js-api/src/middleware/auth-middleware.js","statementMap":{"0":{"start":{"line":3,"column":30},"end":{"line":24,"column":1}},"1":{"start":{"line":4,"column":18},"end":{"line":4,"column":42}},"2":{"start":{"line":5,"column":4},"end":{"line":23,"column":5}},"3":{"start":{"line":6,"column":8},"end":{"line":8,"column":17}},"4":{"start":{"line":10,"column":21},"end":{"line":14,"column":10}},"5":{"start":{"line":15,"column":8},"end":{"line":22,"column":9}},"6":{"start":{"line":16,"column":12},"end":{"line":18,"column":21}},"7":{"start":{"line":20,"column":12},"end":{"line":20,"column":28}},"8":{"start":{"line":21,"column":12},"end":{"line":21,"column":19}}},"fnMap":{"0":{"name":"(anonymous_0)","decl":{"start":{"line":3,"column":30},"end":{"line":3,"column":31}},"loc":{"start":{"line":3,"column":52},"end":{"line":24,"column":1}},"line":3}},"branchMap":{"0":{"loc":{"start":{"line":5,"column":4},"end":{"line":23,"column":5}},"type":"if","locations":[{"start":{"line":5,"column":4},"end":{"line":23,"column":5}},{"start":{"line":9,"column":9},"end":{"line":23,"column":5}}],"line":5},"1":{"loc":{"start":{"line":15,"column":8},"end":{"line":22,"column":9}},"type":"if","locations":[{"start":{"line":15,"column":8},"end":{"line":22,"column":9}},{"start":{"line":19,"column":13},"end":{"line":22,"column":9}}],"line":15}},"s":{"0":2,"1":10,"2":10,"3":0,"4":10,"5":10,"6":3,"7":7,"8":7},"f":{"0":10},"b":{"0":[0,10],"1":[3,7]},"_coverageSchema":"1a1c01bbd47fc00a2c39e90264f33305004495a9","hash":"96acd0c933392c015cfa2a98bd358f70f02ccc7b"}
,"/Users/ridhalfajri/Tutorial/node-js-api/src/middleware/error-middleware.js": {"path":"/Users/ridhalfajri/Tutorial/node-js-api/src/middleware/error-middleware.js","statementMap":{"0":{"start":{"line":3,"column":24},"end":{"line":19,"column":1}},"1":{"start":{"line":5,"column":4},"end":{"line":8,"column":5}},"2":{"start":{"line":6,"column":8},"end":{"line":6,"column":15}},"3":{"start":{"line":7,"column":8},"end":{"line":7,"column":15}},"4":{"start":{"line":10,"column":4},"end":{"line":18,"column":5}},"5":{"start":{"line":11,"column":8},"end":{"line":13,"column":10}},"6":{"start":{"line":15,"column":8},"end":{"line":17,"column":10}}},"fnMap":{"0":{"name":"(anonymous_0)","decl":{"start":{"line":3,"column":24},"end":{"line":3,"column":25}},"loc":{"start":{"line":3,"column":50},"end":{"line":19,"column":1}},"line":3}},"branchMap":{"0":{"loc":{"start":{"line":5,"column":4},"end":{"line":8,"column":5}},"type":"if","locations":[{"start":{"line":5,"column":4},"end":{"line":8,"column":5}},{"start":{},"end":{}}],"line":5},"1":{"loc":{"start":{"line":10,"column":4},"end":{"line":18,"column":5}},"type":"if","locations":[{"start":{"line":10,"column":4},"end":{"line":18,"column":5}},{"start":{"line":14,"column":9},"end":{"line":18,"column":5}}],"line":10}},"s":{"0":2,"1":6,"2":0,"3":0,"4":6,"5":6,"6":0},"f":{"0":6},"b":{"0":[0,6],"1":[6,0]},"_coverageSchema":"1a1c01bbd47fc00a2c39e90264f33305004495a9","hash":"f9c9c876667d32ef5446e804a3052d7deff9ed5b"}
,"/Users/ridhalfajri/Tutorial/node-js-api/src/route/api.js": {"path":"/Users/ridhalfajri/Tutorial/node-js-api/src/route/api.js","statementMap":{"0":{"start":{"line":7,"column":19},"end":{"line":7,"column":39}},"1":{"start":{"line":8,"column":0},"end":{"line":8,"column":30}},"2":{"start":{"line":11,"column":0},"end":{"line":11,"column":55}},"3":{"start":{"line":12,"column":0},"end":{"line":12,"column":60}},"4":{"start":{"line":13,"column":0},"end":{"line":13,"column":60}},"5":{"start":{"line":16,"column":0},"end":{"line":16,"column":57}}},"fnMap":{},"branchMap":{},"s":{"0":2,"1":2,"2":2,"3":2,"4":2,"5":2},"f":{},"b":{},"_coverageSchema":"1a1c01bbd47fc00a2c39e90264f33305004495a9","hash":"dfb4032cdc6488d67d9034d0d441b29e49d7939c"}
,"/Users/ridhalfajri/Tutorial/node-js-api/src/route/public-api.js": {"path":"/Users/ridhalfajri/Tutorial/node-js-api/src/route/public-api.js","statementMap":{"0":{"start":{"line":5,"column":21},"end":{"line":5,"column":41}},"1":{"start":{"line":6,"column":0},"end":{"line":6,"column":55}},"2":{"start":{"line":7,"column":0},"end":{"line":7,"column":58}}},"fnMap":{},"branchMap":{},"s":{"0":2,"1":2,"2":2},"f":{},"b":{},"_coverageSchema":"1a1c01bbd47fc00a2c39e90264f33305004495a9","hash":"306d06cd792156b7df4239ea36b6c658d855cd43"}
,"/Users/ridhalfajri/Tutorial/node-js-api/src/service/contact-service.js": {"path":"/Users/ridhalfajri/Tutorial/node-js-api/src/service/contact-service.js","statementMap":{"0":{"start":{"line":5,"column":15},"end":{"line":18,"column":1}},"1":{"start":{"line":6,"column":20},"end":{"line":6,"column":61}},"2":{"start":{"line":7,"column":4},"end":{"line":7,"column":36}},"3":{"start":{"line":8,"column":4},"end":{"line":17,"column":6}}},"fnMap":{"0":{"name":"(anonymous_0)","decl":{"start":{"line":5,"column":15},"end":{"line":5,"column":16}},"loc":{"start":{"line":5,"column":38},"end":{"line":18,"column":1}},"line":5}},"branchMap":{},"s":{"0":2,"1":2,"2":1,"3":1},"f":{"0":2},"b":{},"_coverageSchema":"1a1c01bbd47fc00a2c39e90264f33305004495a9","hash":"3f160d5d59d8ae8bbca5d92c7d6cc38929837f85"}
,"/Users/ridhalfajri/Tutorial/node-js-api/src/service/user-service.js": {"path":"/Users/ridhalfajri/Tutorial/node-js-api/src/service/user-service.js","statementMap":{"0":{"start":{"line":10,"column":17},"end":{"line":32,"column":1}},"1":{"start":{"line":11,"column":17},"end":{"line":11,"column":62}},"2":{"start":{"line":13,"column":22},"end":{"line":17,"column":6}},"3":{"start":{"line":18,"column":4},"end":{"line":20,"column":5}},"4":{"start":{"line":19,"column":8},"end":{"line":19,"column":61}},"5":{"start":{"line":22,"column":4},"end":{"line":22,"column":56}},"6":{"start":{"line":24,"column":4},"end":{"line":30,"column":7}},"7":{"start":{"line":34,"column":14},"end":{"line":79,"column":1}},"8":{"start":{"line":35,"column":25},"end":{"line":35,"column":67}},"9":{"start":{"line":36,"column":17},"end":{"line":45,"column":6}},"10":{"start":{"line":47,"column":4},"end":{"line":49,"column":5}},"11":{"start":{"line":48,"column":8},"end":{"line":48,"column":66}},"12":{"start":{"line":51,"column":4},"end":{"line":53,"column":5}},"13":{"start":{"line":52,"column":8},"end":{"line":52,"column":90}},"14":{"start":{"line":55,"column":28},"end":{"line":55,"column":86}},"15":{"start":{"line":56,"column":4},"end":{"line":66,"column":5}},"16":{"start":{"line":57,"column":28},"end":{"line":64,"column":10}},"17":{"start":{"line":65,"column":8},"end":{"line":65,"column":66}},"18":{"start":{"line":67,"column":18},"end":{"line":67,"column":35}},"19":{"start":{"line":68,"column":4},"end":{"line":78,"column":6}},"20":{"start":{"line":80,"column":12},"end":{"line":95,"column":1}},"21":{"start":{"line":81,"column":5},"end":{"line":81,"column":59}},"22":{"start":{"line":82,"column":18},"end":{"line":90,"column":7}},"23":{"start":{"line":91,"column":4},"end":{"line":93,"column":5}},"24":{"start":{"line":92,"column":8},"end":{"line":92,"column":58}},"25":{"start":{"line":94,"column":4},"end":{"line":94,"column":16}},"26":{"start":{"line":97,"column":15},"end":{"line":124,"column":1}},"27":{"start":{"line":98,"column":17},"end":{"line":98,"column":56}},"28":{"start":{"line":99,"column":32},"end":{"line":103,"column":6}},"29":{"start":{"line":104,"column":4},"end":{"line":106,"column":5}},"30":{"start":{"line":105,"column":8},"end":{"line":105,"column":55}},"31":{"start":{"line":107,"column":15},"end":{"line":107,"column":17}},"32":{"start":{"line":108,"column":4},"end":{"line":110,"column":5}},"33":{"start":{"line":109,"column":8},"end":{"line":109,"column":29}},"34":{"start":{"line":111,"column":4},"end":{"line":113,"column":5}},"35":{"start":{"line":112,"column":8},"end":{"line":112,"column":60}},"36":{"start":{"line":114,"column":4},"end":{"line":123,"column":6}},"37":{"start":{"line":126,"column":15},"end":{"line":147,"column":1}},"38":{"start":{"line":127,"column":4},"end":{"line":127,"column":53}},"39":{"start":{"line":128,"column":17},"end":{"line":132,"column":6}},"40":{"start":{"line":133,"column":4},"end":{"line":135,"column":5}},"41":{"start":{"line":134,"column":8},"end":{"line":134,"column":57}},"42":{"start":{"line":136,"column":4},"end":{"line":146,"column":6}}},"fnMap":{"0":{"name":"(anonymous_0)","decl":{"start":{"line":10,"column":17},"end":{"line":10,"column":18}},"loc":{"start":{"line":10,"column":35},"end":{"line":32,"column":1}},"line":10},"1":{"name":"(anonymous_1)","decl":{"start":{"line":34,"column":14},"end":{"line":34,"column":15}},"loc":{"start":{"line":34,"column":31},"end":{"line":79,"column":1}},"line":34},"2":{"name":"(anonymous_2)","decl":{"start":{"line":80,"column":12},"end":{"line":80,"column":13}},"loc":{"start":{"line":80,"column":30},"end":{"line":95,"column":1}},"line":80},"3":{"name":"(anonymous_3)","decl":{"start":{"line":97,"column":15},"end":{"line":97,"column":16}},"loc":{"start":{"line":97,"column":32},"end":{"line":124,"column":1}},"line":97},"4":{"name":"(anonymous_4)","decl":{"start":{"line":126,"column":15},"end":{"line":126,"column":16}},"loc":{"start":{"line":126,"column":34},"end":{"line":147,"column":1}},"line":126}},"branchMap":{"0":{"loc":{"start":{"line":18,"column":4},"end":{"line":20,"column":5}},"type":"if","locations":[{"start":{"line":18,"column":4},"end":{"line":20,"column":5}},{"start":{},"end":{}}],"line":18},"1":{"loc":{"start":{"line":47,"column":4},"end":{"line":49,"column":5}},"type":"if","locations":[{"start":{"line":47,"column":4},"end":{"line":49,"column":5}},{"start":{},"end":{}}],"line":47},"2":{"loc":{"start":{"line":51,"column":4},"end":{"line":53,"column":5}},"type":"if","locations":[{"start":{"line":51,"column":4},"end":{"line":53,"column":5}},{"start":{},"end":{}}],"line":51},"3":{"loc":{"start":{"line":56,"column":4},"end":{"line":66,"column":5}},"type":"if","locations":[{"start":{"line":56,"column":4},"end":{"line":66,"column":5}},{"start":{},"end":{}}],"line":56},"4":{"loc":{"start":{"line":91,"column":4},"end":{"line":93,"column":5}},"type":"if","locations":[{"start":{"line":91,"column":4},"end":{"line":93,"column":5}},{"start":{},"end":{}}],"line":91},"5":{"loc":{"start":{"line":104,"column":4},"end":{"line":106,"column":5}},"type":"if","locations":[{"start":{"line":104,"column":4},"end":{"line":106,"column":5}},{"start":{},"end":{}}],"line":104},"6":{"loc":{"start":{"line":108,"column":4},"end":{"line":110,"column":5}},"type":"if","locations":[{"start":{"line":108,"column":4},"end":{"line":110,"column":5}},{"start":{},"end":{}}],"line":108},"7":{"loc":{"start":{"line":111,"column":4},"end":{"line":113,"column":5}},"type":"if","locations":[{"start":{"line":111,"column":4},"end":{"line":113,"column":5}},{"start":{},"end":{}}],"line":111},"8":{"loc":{"start":{"line":133,"column":4},"end":{"line":135,"column":5}},"type":"if","locations":[{"start":{"line":133,"column":4},"end":{"line":135,"column":5}},{"start":{},"end":{}}],"line":133}},"s":{"0":2,"1":4,"2":3,"3":3,"4":1,"5":2,"6":2,"7":2,"8":4,"9":3,"10":3,"11":1,"12":2,"13":0,"14":2,"15":2,"16":1,"17":1,"18":1,"19":1,"20":2,"21":1,"22":1,"23":1,"24":0,"25":1,"26":2,"27":3,"28":3,"29":3,"30":0,"31":3,"32":3,"33":2,"34":3,"35":2,"36":3,"37":2,"38":1,"39":1,"40":1,"41":0,"42":1},"f":{"0":4,"1":4,"2":1,"3":3,"4":1},"b":{"0":[1,2],"1":[1,2],"2":[0,2],"3":[1,1],"4":[0,1],"5":[0,3],"6":[2,1],"7":[2,1],"8":[0,1]},"_coverageSchema":"1a1c01bbd47fc00a2c39e90264f33305004495a9","hash":"23f2ea3794f2278ae01d0afae3e9bdfcfae205a3"}
,"/Users/ridhalfajri/Tutorial/node-js-api/src/tests/test-util.js": {"path":"/Users/ridhalfajri/Tutorial/node-js-api/src/tests/test-util.js","statementMap":{"0":{"start":{"line":4,"column":30},"end":{"line":10,"column":1}},"1":{"start":{"line":5,"column":4},"end":{"line":9,"column":6}},"2":{"start":{"line":12,"column":30},"end":{"line":21,"column":1}},"3":{"start":{"line":13,"column":4},"end":{"line":20,"column":6}},"4":{"start":{"line":23,"column":28},"end":{"line":29,"column":1}},"5":{"start":{"line":24,"column":4},"end":{"line":28,"column":7}},"6":{"start":{"line":30,"column":38},"end":{"line":36,"column":1}},"7":{"start":{"line":31,"column":4},"end":{"line":35,"column":6}}},"fnMap":{"0":{"name":"(anonymous_0)","decl":{"start":{"line":4,"column":30},"end":{"line":4,"column":31}},"loc":{"start":{"line":4,"column":40},"end":{"line":10,"column":1}},"line":4},"1":{"name":"(anonymous_1)","decl":{"start":{"line":12,"column":30},"end":{"line":12,"column":31}},"loc":{"start":{"line":12,"column":40},"end":{"line":21,"column":1}},"line":12},"2":{"name":"(anonymous_2)","decl":{"start":{"line":23,"column":28},"end":{"line":23,"column":29}},"loc":{"start":{"line":23,"column":38},"end":{"line":29,"column":1}},"line":23},"3":{"name":"(anonymous_3)","decl":{"start":{"line":30,"column":38},"end":{"line":30,"column":39}},"loc":{"start":{"line":30,"column":48},"end":{"line":36,"column":1}},"line":30}},"branchMap":{},"s":{"0":2,"1":17,"2":2,"3":14,"4":2,"5":3,"6":2,"7":2},"f":{"0":17,"1":14,"2":3,"3":2},"b":{},"_coverageSchema":"1a1c01bbd47fc00a2c39e90264f33305004495a9","hash":"a31d0f4d1e538feffb7f5a3de172de27f0fb56a1"}
,"/Users/ridhalfajri/Tutorial/node-js-api/src/validation/contact-validation.js": {"path":"/Users/ridhalfajri/Tutorial/node-js-api/src/validation/contact-validation.js","statementMap":{"0":{"start":{"line":2,"column":32},"end":{"line":7,"column":2}}},"fnMap":{},"branchMap":{},"s":{"0":2},"f":{},"b":{},"_coverageSchema":"1a1c01bbd47fc00a2c39e90264f33305004495a9","hash":"2cb79f808b415454cf3e70506ee22baf50f5c447"}
,"/Users/ridhalfajri/Tutorial/node-js-api/src/validation/user-validation.js": {"path":"/Users/ridhalfajri/Tutorial/node-js-api/src/validation/user-validation.js","statementMap":{"0":{"start":{"line":3,"column":31},"end":{"line":7,"column":2}},"1":{"start":{"line":9,"column":28},"end":{"line":12,"column":2}},"2":{"start":{"line":14,"column":26},"end":{"line":14,"column":58}},"3":{"start":{"line":16,"column":29},"end":{"line":20,"column":2}}},"fnMap":{},"branchMap":{},"s":{"0":2,"1":2,"2":2,"3":2},"f":{},"b":{},"_coverageSchema":"1a1c01bbd47fc00a2c39e90264f33305004495a9","hash":"4986e9547565e2154aa669c361818fe04335d37a"}
,"/Users/ridhalfajri/Tutorial/node-js-api/src/validation/validation.js": {"path":"/Users/ridhalfajri/Tutorial/node-js-api/src/validation/validation.js","statementMap":{"0":{"start":{"line":3,"column":17},"end":{"line":12,"column":1}},"1":{"start":{"line":4,"column":19},"end":{"line":6,"column":6}},"2":{"start":{"line":7,"column":4},"end":{"line":11,"column":5}},"3":{"start":{"line":8,"column":8},"end":{"line":8,"column":59}},"4":{"start":{"line":10,"column":8},"end":{"line":10,"column":28}}},"fnMap":{"0":{"name":"(anonymous_0)","decl":{"start":{"line":3,"column":17},"end":{"line":3,"column":18}},"loc":{"start":{"line":3,"column":36},"end":{"line":12,"column":1}},"line":3}},"branchMap":{"0":{"loc":{"start":{"line":7,"column":4},"end":{"line":11,"column":5}},"type":"if","locations":[{"start":{"line":7,"column":4},"end":{"line":11,"column":5}},{"start":{"line":9,"column":9},"end":{"line":11,"column":5}}],"line":7}},"s":{"0":2,"1":15,"2":15,"3":3,"4":12},"f":{"0":15},"b":{"0":[3,12]},"_coverageSchema":"1a1c01bbd47fc00a2c39e90264f33305004495a9","hash":"1c04d2eb068208ab16e72f9563647195acf51625"}
}
