TN:
SF:src/application/database.js
FN:24,(anonymous_0)
FN:27,(anonymous_1)
FN:30,(anonymous_2)
FN:33,(anonymous_3)
FNF:4
FNH:2
FNDA:0,(anonymous_0)
FNDA:0,(anonymous_1)
FNDA:2,(anonymous_2)
FNDA:215,(anonymous_3)
DA:4,2
DA:24,2
DA:25,0
DA:27,2
DA:28,0
DA:30,2
DA:31,2
DA:33,2
DA:34,215
LF:9
LH:7
BRF:0
BRH:0
end_of_record
TN:
SF:src/application/logging.js
FNF:0
FNH:0
DA:3,2
LF:1
LH:1
BRF:0
BRH:0
end_of_record
TN:
SF:src/application/web.js
FNF:0
FNH:0
DA:6,2
DA:7,2
DA:8,2
DA:9,2
DA:10,2
LF:5
LH:5
BRF:0
BRH:0
end_of_record
TN:
SF:src/controller/contact-controller.js
FN:2,(anonymous_0)
FNF:1
FNH:1
FNDA:2,(anonymous_0)
DA:2,2
DA:3,2
DA:4,2
DA:5,2
DA:6,2
DA:8,1
DA:12,1
LF:7
LH:7
BRF:0
BRH:0
end_of_record
TN:
SF:src/controller/user-controller.js
FN:3,(anonymous_0)
FN:14,(anonymous_1)
FN:25,(anonymous_2)
FN:37,(anonymous_3)
FN:50,(anonymous_4)
FNF:5
FNH:5
FNDA:4,(anonymous_0)
FNDA:4,(anonymous_1)
FNDA:1,(anonymous_2)
FNDA:3,(anonymous_3)
FNDA:1,(anonymous_4)
DA:3,2
DA:4,4
DA:5,4
DA:6,2
DA:10,2
DA:14,2
DA:15,4
DA:16,4
DA:17,1
DA:21,3
DA:25,2
DA:26,1
DA:27,1
DA:28,1
DA:29,1
DA:33,0
DA:37,2
DA:38,3
DA:39,3
DA:40,3
DA:41,3
DA:42,3
DA:43,3
DA:47,0
DA:50,2
DA:51,1
DA:52,1
DA:53,1
DA:57,0
LF:29
LH:26
BRF:0
BRH:0
end_of_record
TN:
SF:src/error/response-error.js
FN:2,(anonymous_0)
FNF:1
FNH:1
FNDA:6,(anonymous_0)
DA:3,6
DA:4,6
LF:2
LH:2
BRF:0
BRH:0
end_of_record
TN:
SF:src/middleware/auth-middleware.js
FN:3,(anonymous_0)
FNF:1
FNH:1
FNDA:10,(anonymous_0)
DA:3,2
DA:4,10
DA:5,10
DA:6,0
DA:10,10
DA:15,10
DA:16,3
DA:20,7
DA:21,7
LF:9
LH:8
BRDA:5,0,0,0
BRDA:5,0,1,10
BRDA:15,1,0,3
BRDA:15,1,1,7
BRF:4
BRH:3
end_of_record
TN:
SF:src/middleware/error-middleware.js
FN:3,(anonymous_0)
FNF:1
FNH:1
FNDA:6,(anonymous_0)
DA:3,2
DA:5,6
DA:6,0
DA:7,0
DA:10,6
DA:11,6
DA:15,0
LF:7
LH:4
BRDA:5,0,0,0
BRDA:5,0,1,6
BRDA:10,1,0,6
BRDA:10,1,1,0
BRF:4
BRH:2
end_of_record
TN:
SF:src/route/api.js
FNF:0
FNH:0
DA:7,2
DA:8,2
DA:11,2
DA:12,2
DA:13,2
DA:16,2
LF:6
LH:6
BRF:0
BRH:0
end_of_record
TN:
SF:src/route/public-api.js
FNF:0
FNH:0
DA:5,2
DA:6,2
DA:7,2
LF:3
LH:3
BRF:0
BRH:0
end_of_record
TN:
SF:src/service/contact-service.js
FN:5,(anonymous_0)
FNF:1
FNH:1
FNDA:2,(anonymous_0)
DA:5,2
DA:6,2
DA:7,1
DA:8,1
LF:4
LH:4
BRF:0
BRH:0
end_of_record
TN:
SF:src/service/user-service.js
FN:10,(anonymous_0)
FN:34,(anonymous_1)
FN:80,(anonymous_2)
FN:97,(anonymous_3)
FN:126,(anonymous_4)
FNF:5
FNH:5
FNDA:4,(anonymous_0)
FNDA:4,(anonymous_1)
FNDA:1,(anonymous_2)
FNDA:3,(anonymous_3)
FNDA:1,(anonymous_4)
DA:10,2
DA:11,4
DA:13,3
DA:18,3
DA:19,1
DA:22,2
DA:24,2
DA:34,2
DA:35,4
DA:36,3
DA:47,3
DA:48,1
DA:51,2
DA:52,0
DA:55,2
DA:56,2
DA:57,1
DA:65,1
DA:67,1
DA:68,1
DA:80,2
DA:81,1
DA:82,1
DA:91,1
DA:92,0
DA:94,1
DA:97,2
DA:98,3
DA:99,3
DA:104,3
DA:105,0
DA:107,3
DA:108,3
DA:109,2
DA:111,3
DA:112,2
DA:114,3
DA:126,2
DA:127,1
DA:128,1
DA:133,1
DA:134,0
DA:136,1
LF:43
LH:39
BRDA:18,0,0,1
BRDA:18,0,1,2
BRDA:47,1,0,1
BRDA:47,1,1,2
BRDA:51,2,0,0
BRDA:51,2,1,2
BRDA:56,3,0,1
BRDA:56,3,1,1
BRDA:91,4,0,0
BRDA:91,4,1,1
BRDA:104,5,0,0
BRDA:104,5,1,3
BRDA:108,6,0,2
BRDA:108,6,1,1
BRDA:111,7,0,2
BRDA:111,7,1,1
BRDA:133,8,0,0
BRDA:133,8,1,1
BRF:18
BRH:14
end_of_record
TN:
SF:src/tests/test-util.js
FN:4,(anonymous_0)
FN:12,(anonymous_1)
FN:23,(anonymous_2)
FN:30,(anonymous_3)
FNF:4
FNH:4
FNDA:17,(anonymous_0)
FNDA:14,(anonymous_1)
FNDA:3,(anonymous_2)
FNDA:2,(anonymous_3)
DA:4,2
DA:5,17
DA:12,2
DA:13,14
DA:23,2
DA:24,3
DA:30,2
DA:31,2
LF:8
LH:8
BRF:0
BRH:0
end_of_record
TN:
SF:src/validation/contact-validation.js
FNF:0
FNH:0
DA:2,2
LF:1
LH:1
BRF:0
BRH:0
end_of_record
TN:
SF:src/validation/user-validation.js
FNF:0
FNH:0
DA:3,2
DA:9,2
DA:14,2
DA:16,2
LF:4
LH:4
BRF:0
BRH:0
end_of_record
TN:
SF:src/validation/validation.js
FN:3,(anonymous_0)
FNF:1
FNH:1
FNDA:15,(anonymous_0)
DA:3,2
DA:4,15
DA:7,15
DA:8,3
DA:10,12
LF:5
LH:5
BRDA:7,0,0,3
BRDA:7,0,1,12
BRF:2
BRH:2
end_of_record
